Using pre-set license
Built from '2020.3/release' branch; Version is '2020.3.27f1 (e759542391ea) revision 15161684'; Using compiler version '192528614'; Build Type 'Release'
OS: 'Windows 10  (10.0.19044) 64bit Core' Language: 'en' Physical Memory: 16080 MB
BatchMode: 1, IsHumanControllingUs: 0, StartBugReporterOnCrash: 0, Is64bit: 1, IsPro: 0

COMMAND LINE ARGUMENTS:
C:\Program Files\Unity\Hub\Editor\2020.3.27f1\Editor\Unity.exe
-adb2
-batchMode
-noUpm
-name
AssetImportWorker0
-projectPath
D:/Study/Unity/Construction
-logFile
Logs/AssetImportWorker0.log
-srvPort
58561
Successfully changed project path to: D:/Study/Unity/Construction
D:/Study/Unity/Construction
Using Asset Import Pipeline V2.
Refreshing native plugins compatible for Editor in 38.17 ms, found 2 plugins.
Preloading 0 native plugins for Editor in 0.00 ms.
Initialize engine version: 2020.3.27f1 (e759542391ea)
[Subsystems] Discovering subsystems at path C:/Program Files/Unity/Hub/Editor/2020.3.27f1/Editor/Data/Resources/UnitySubsystems
[Subsystems] Discovering subsystems at path D:/Study/Unity/Construction/Assets
GfxDevice: creating device client; threaded=0
Direct3D:
    Version:  Direct3D 11.0 [level 11.1]
    Renderer: Intel(R) Iris(R) Xe Graphics (ID=0x9a49)
    Vendor:   
    VRAM:     8040 MB
    Driver:   30.0.101.1003
Initialize mono
Mono path[0] = 'C:/Program Files/Unity/Hub/Editor/2020.3.27f1/Editor/Data/Managed'
Mono path[1] = 'C:/Program Files/Unity/Hub/Editor/2020.3.27f1/Editor/Data/MonoBleedingEdge/lib/mono/unityjit'
Mono config path = 'C:/Program Files/Unity/Hub/Editor/2020.3.27f1/Editor/Data/MonoBleedingEdge/etc'
Using monoOptions --debugger-agent=transport=dt_socket,embedding=1,server=y,suspend=n,address=127.0.0.1:56980
Begin MonoManager ReloadAssembly
Registering precompiled unity dll's ...
Register platform support module: C:/Program Files/Unity/Hub/Editor/2020.3.27f1/Editor/Data/PlaybackEngines/WebGLSupport/UnityEditor.WebGL.Extensions.dll
Register platform support module: C:/Program Files/Unity/Hub/Editor/2020.3.27f1/Editor/Data/PlaybackEngines/WindowsStandaloneSupport/UnityEditor.WindowsStandalone.Extensions.dll
Registered in 0.001440 seconds.
Native extension for WindowsStandalone target not found
Native extension for WebGL target not found
Refreshing native plugins compatible for Editor in 41.48 ms, found 2 plugins.
Preloading 0 native plugins for Editor in 0.00 ms.
Mono: successfully reloaded assembly
- Completed reload, in  0.460 seconds
Domain Reload Profiling:
	ReloadAssembly (460ms)
		BeginReloadAssembly (48ms)
			ExecutionOrderSort (0ms)
			DisableScriptedObjects (0ms)
			BackupInstance (0ms)
			ReleaseScriptingObjects (0ms)
			CreateAndSetChildDomain (1ms)
		EndReloadAssembly (358ms)
			LoadAssemblies (47ms)
			RebuildTransferFunctionScriptingTraits (0ms)
			SetupTypeCache (109ms)
			ReleaseScriptCaches (0ms)
			RebuildScriptCaches (23ms)
			SetupLoadedEditorAssemblies (147ms)
				LogAssemblyErrors (0ms)
				InitializePlatformSupportModulesInManaged (4ms)
				SetLoadedEditorAssemblies (0ms)
				RefreshPlugins (42ms)
				BeforeProcessingInitializeOnLoad (15ms)
				ProcessInitializeOnLoadAttributes (66ms)
				ProcessInitializeOnLoadMethodAttributes (20ms)
				AfterProcessingInitializeOnLoad (0ms)
				EditorAssembliesLoaded (0ms)
			ExecutionOrderSort2 (0ms)
			AwakeInstancesAfterBackupRestoration (0ms)
Platform modules already initialized, skipping
Registering precompiled user dll's ...
Registered in 0.002700 seconds.
Begin MonoManager ReloadAssembly
Native extension for WindowsStandalone target not found
Native extension for WebGL target not found
Refreshing native plugins compatible for Editor in 39.66 ms, found 2 plugins.
Preloading 0 native plugins for Editor in 0.00 ms.
Mono: successfully reloaded assembly
- Completed reload, in  0.823 seconds
Domain Reload Profiling:
	ReloadAssembly (824ms)
		BeginReloadAssembly (102ms)
			ExecutionOrderSort (0ms)
			DisableScriptedObjects (3ms)
			BackupInstance (0ms)
			ReleaseScriptingObjects (0ms)
			CreateAndSetChildDomain (15ms)
		EndReloadAssembly (682ms)
			LoadAssemblies (72ms)
			RebuildTransferFunctionScriptingTraits (0ms)
			SetupTypeCache (232ms)
			ReleaseScriptCaches (0ms)
			RebuildScriptCaches (35ms)
			SetupLoadedEditorAssemblies (253ms)
				LogAssemblyErrors (0ms)
				InitializePlatformSupportModulesInManaged (3ms)
				SetLoadedEditorAssemblies (0ms)
				RefreshPlugins (40ms)
				BeforeProcessingInitializeOnLoad (65ms)
				ProcessInitializeOnLoadAttributes (135ms)
				ProcessInitializeOnLoadMethodAttributes (6ms)
				AfterProcessingInitializeOnLoad (3ms)
				EditorAssembliesLoaded (0ms)
			ExecutionOrderSort2 (0ms)
			AwakeInstancesAfterBackupRestoration (4ms)
Platform modules already initialized, skipping
========================================================================
Worker process is ready to serve import requests
Launched and connected shader compiler UnityShaderCompiler.exe after 0.04 seconds
Refreshing native plugins compatible for Editor in 0.43 ms, found 2 plugins.
Preloading 0 native plugins for Editor in 0.00 ms.
Unloading 2811 Unused Serialized files (Serialized files now loaded: 0)
System memory in use before: 126.5 MB.
System memory in use after: 126.7 MB.

Unloading 20 unused Assets to reduce memory usage. Loaded Objects now: 3245.
Total: 2.719600 ms (FindLiveObjects: 0.229200 ms CreateObjectMapping: 0.080200 ms MarkObjects: 2.310300 ms  DeleteObjects: 0.086500 ms)

AssetImportParameters requested are different than current active one (requested -> active):
  custom:framework-win-MediaFoundation: 216162199b28c13a410421893ffa2e32 -> 
  custom:video-decoder-ogg-theora: a1e56fd34408186e4bbccfd4996cb3dc -> 
  custom:container-muxer-webm: aa71ff27fc2769a1b78a27578f13a17b -> 
  custom:container-demuxer-webm: 4f35f7cbe854078d1ac9338744f61a02 -> 
  custom:container-demuxer-ogg: 62fdf1f143b41e24485cea50d1cbac27 -> 
  custom:video-encoder-webm-vp8: eb34c28f22e8b96e1ab97ce403110664 -> 
  custom:video-decoder-webm-vp8: 9c59270c3fd7afecdb556c50c9e8de78 -> 
  custom:audio-decoder-ogg-vorbis: bf7c407c2cedff20999df2af8eb42d56 -> 
  custom:audio-encoder-webm-vorbis: bf7c407c2cedff20999df2af8eb42d56 -> 
========================================================================
Received Import Request.
  path: Assets/ExampleAssets/Models/AM152_066_Volica_LED.obj
  artifactKey: Guid(67a95907ef259b041bcbd08da673a246) Importer(815301076,1909f56bfc062723c751e8b465ee728b)
Start importing Assets/ExampleAssets/Models/AM152_066_Volica_LED.obj using Guid(67a95907ef259b041bcbd08da673a246) Importer(815301076,1909f56bfc062723c751e8b465ee728b)  -> (artifact id: '5669316877155e372110d93d92680106') in 0.261848 seconds 
  Import took 0.265646 seconds .

========================================================================
Received Import Request.
  Time since last request: 295.903111 seconds.
  path: Assets/ExampleAssets/Textures/Props/Jigsaw/Jigsaw_MetallicOcculusionSmoothness.tif
  artifactKey: Guid(3017ed6fed9d3bb49ba99bf738e2d626) Importer(815301076,1909f56bfc062723c751e8b465ee728b)
Start importing Assets/ExampleAssets/Textures/Props/Jigsaw/Jigsaw_MetallicOcculusionSmoothness.tif using Guid(3017ed6fed9d3bb49ba99bf738e2d626) Importer(815301076,1909f56bfc062723c751e8b465ee728b)  -> (artifact id: 'c897cacf8311cf0ac86477642db90c30') in 0.024584 seconds 
  Import took 0.029612 seconds .

========================================================================
Received Import Request.
  Time since last request: 0.086417 seconds.
  path: Assets/ExampleAssets/Textures/Props/Construction_Light/ConstructionLight_MetallicOcculusionSmoothness.tif
  artifactKey: Guid(9a81f1a59f171804e84fce76584bdcb7) Importer(815301076,1909f56bfc062723c751e8b465ee728b)
Start importing Assets/ExampleAssets/Textures/Props/Construction_Light/ConstructionLight_MetallicOcculusionSmoothness.tif using Guid(9a81f1a59f171804e84fce76584bdcb7) Importer(815301076,1909f56bfc062723c751e8b465ee728b)  -> (artifact id: '7eaee825fee49737c47450774b31e7c8') in 0.014811 seconds 
  Import took 0.020209 seconds .

========================================================================
Received Import Request.
  Time since last request: 0.006954 seconds.
  path: Assets/ExampleAssets/Textures/Props/Paint/Paint1G_Albedo.tif
  artifactKey: Guid(2de0d72a6700bd94ea57111b29e246fc) Importer(815301076,1909f56bfc062723c751e8b465ee728b)
Start importing Assets/ExampleAssets/Textures/Props/Paint/Paint1G_Albedo.tif using Guid(2de0d72a6700bd94ea57111b29e246fc) Importer(815301076,1909f56bfc062723c751e8b465ee728b)  -> (artifact id: 'ca17c87847de2b45ec72b8a088594d95') in 0.015028 seconds 
  Import took 0.018764 seconds .

========================================================================
Received Import Request.
  Time since last request: 0.032574 seconds.
  path: Assets/Scripts/SimpleCameraController.cs
  artifactKey: Guid(be76e5f14cfee674cb30b491fb72b09b) Importer(815301076,1909f56bfc062723c751e8b465ee728b)
Start importing Assets/Scripts/SimpleCameraController.cs using Guid(be76e5f14cfee674cb30b491fb72b09b) Importer(815301076,1909f56bfc062723c751e8b465ee728b)  -> (artifact id: 'f7d3030d053341df958ee2b667ccbc5c') in 0.013556 seconds 
  Import took 0.017100 seconds .

========================================================================
Received Import Request.
  Time since last request: 0.005452 seconds.
  path: Assets/ExampleAssets/Textures/Wood/OBS_MetallicOcculusionSmoothness.tif
  artifactKey: Guid(22638a9216f1ebf4cb43273a00879f51) Importer(815301076,1909f56bfc062723c751e8b465ee728b)
Start importing Assets/ExampleAssets/Textures/Wood/OBS_MetallicOcculusionSmoothness.tif using Guid(22638a9216f1ebf4cb43273a00879f51) Importer(815301076,1909f56bfc062723c751e8b465ee728b)  -> (artifact id: '6f5e22549fe5c432bfb08d408e4a8608') in 0.009576 seconds 
  Import took 0.013050 seconds .

========================================================================
Received Import Request.
  Time since last request: 0.035041 seconds.
  path: Assets/ExampleAssets/Textures/Props/Jigsaw
  artifactKey: Guid(f23328cbe6fee514b868007ab8567c3d) Importer(815301076,1909f56bfc062723c751e8b465ee728b)
Start importing Assets/ExampleAssets/Textures/Props/Jigsaw using Guid(f23328cbe6fee514b868007ab8567c3d) Importer(815301076,1909f56bfc062723c751e8b465ee728b)  -> (artifact id: '923d17777d5a12891bab10d71798c788') in 0.004003 seconds 
  Import took 0.007564 seconds .

========================================================================
Received Import Request.
  Time since last request: 0.015537 seconds.
  path: Assets/Scenes/Construction.unity
  artifactKey: Guid(9f5b3a81c87c0874c95d5ce1f7f7b880) Importer(815301076,1909f56bfc062723c751e8b465ee728b)
Start importing Assets/Scenes/Construction.unity using Guid(9f5b3a81c87c0874c95d5ce1f7f7b880) Importer(815301076,1909f56bfc062723c751e8b465ee728b)  -> (artifact id: 'd4d934d9d8c14dbbd5ab28083baf5df7') in 0.004586 seconds 
  Import took 0.008105 seconds .

========================================================================
Received Import Request.
  Time since last request: 0.015369 seconds.
  path: Assets/ExampleAssets/Textures/Props/Hammer
  artifactKey: Guid(65ba28c90924bf641b0800d7c3aa08eb) Importer(815301076,1909f56bfc062723c751e8b465ee728b)
Start importing Assets/ExampleAssets/Textures/Props/Hammer using Guid(65ba28c90924bf641b0800d7c3aa08eb) Importer(815301076,1909f56bfc062723c751e8b465ee728b)  -> (artifact id: '7137f15c106a3d7759073a3679b28249') in 0.004180 seconds 
  Import took 0.008389 seconds .

========================================================================
Received Import Request.
  Time since last request: 0.019541 seconds.
  path: Assets/ExampleAssets/Textures/Drywall/Drywall_AlbedoSmoothness.tif
  artifactKey: Guid(3e11968c372730442aae3b4f7c909931) Importer(815301076,1909f56bfc062723c751e8b465ee728b)
Start importing Assets/ExampleAssets/Textures/Drywall/Drywall_AlbedoSmoothness.tif using Guid(3e11968c372730442aae3b4f7c909931) Importer(815301076,1909f56bfc062723c751e8b465ee728b)  -> (artifact id: '5ed8573117dfc88bf695745e2de0a4c9') in 0.008794 seconds 
  Import took 0.012373 seconds .

========================================================================
Received Import Request.
  Time since last request: 0.005871 seconds.
  path: Assets/ExampleAssets/Textures/Props/Hammer/Hammer_Albedo.tif
  artifactKey: Guid(59c8de363dc14c54986d0751c2c38342) Importer(815301076,1909f56bfc062723c751e8b465ee728b)
Start importing Assets/ExampleAssets/Textures/Props/Hammer/Hammer_Albedo.tif using Guid(59c8de363dc14c54986d0751c2c38342) Importer(815301076,1909f56bfc062723c751e8b465ee728b)  -> (artifact id: '715101e8fc0fafacea1213a8a4796276') in 0.010352 seconds 
  Import took 0.014360 seconds .

========================================================================
Received Import Request.
  Time since last request: 0.005052 seconds.
  path: Assets/ExampleAssets/Textures/Plastic/Plastic_Normal.tif
  artifactKey: Guid(e109905c411b0f84e82eaaf2705ece30) Importer(815301076,1909f56bfc062723c751e8b465ee728b)
Start importing Assets/ExampleAssets/Textures/Plastic/Plastic_Normal.tif using Guid(e109905c411b0f84e82eaaf2705ece30) Importer(815301076,1909f56bfc062723c751e8b465ee728b)  -> (artifact id: '9ff5f95365018b301066b797947fc4a1') in 0.011170 seconds 
  Import took 0.014806 seconds .

========================================================================
Received Import Request.
  Time since last request: 0.005130 seconds.
  path: Assets/ExampleAssets/Shaders/Paint1G_WAnim_Shader.shadergraph
  artifactKey: Guid(5e5eca56e1993e741b41ac9c687d01a5) Importer(815301076,1909f56bfc062723c751e8b465ee728b)
Start importing Assets/ExampleAssets/Shaders/Paint1G_WAnim_Shader.shadergraph using Guid(5e5eca56e1993e741b41ac9c687d01a5) Importer(815301076,1909f56bfc062723c751e8b465ee728b)  -> (artifact id: '536a5134fad0d3c599d9bffba7de89b9') in 0.006247 seconds 
  Import took 0.009858 seconds .

========================================================================
Received Import Request.
  Time since last request: 0.005833 seconds.
  path: Assets/ExampleAssets/Textures/Props/Hammer/Hammer_Normal.tif
  artifactKey: Guid(c517a9b1527aec343806327b47ad22df) Importer(815301076,1909f56bfc062723c751e8b465ee728b)
Start importing Assets/ExampleAssets/Textures/Props/Hammer/Hammer_Normal.tif using Guid(c517a9b1527aec343806327b47ad22df) Importer(815301076,1909f56bfc062723c751e8b465ee728b)  -> (artifact id: 'd78401adca7c490c5eb59770881e8a2f') in 0.010488 seconds 
  Import took 0.014575 seconds .

========================================================================
Received Import Request.
  Time since last request: 0.006846 seconds.
  path: Assets/ExampleAssets/Textures/Props/HardHat/SafetyHat_MetallicOcculusionSmoothness.tif
  artifactKey: Guid(6f61f8dd4499250438f1aa39448e860a) Importer(815301076,1909f56bfc062723c751e8b465ee728b)
Start importing Assets/ExampleAssets/Textures/Props/HardHat/SafetyHat_MetallicOcculusionSmoothness.tif using Guid(6f61f8dd4499250438f1aa39448e860a) Importer(815301076,1909f56bfc062723c751e8b465ee728b)  -> (artifact id: 'b5ddfb63e62d1213c62254721b6977ba') in 0.010881 seconds 
  Import took 0.014347 seconds .

========================================================================
Received Import Request.
  Time since last request: 0.007037 seconds.
  path: Assets/ExampleAssets/Textures/Props/Paint/Paintbrush_MetallicOcculusionSmoothness.tif
  artifactKey: Guid(888916a5e87c05948b1a97b3c0d42556) Importer(815301076,1909f56bfc062723c751e8b465ee728b)
Start importing Assets/ExampleAssets/Textures/Props/Paint/Paintbrush_MetallicOcculusionSmoothness.tif using Guid(888916a5e87c05948b1a97b3c0d42556) Importer(815301076,1909f56bfc062723c751e8b465ee728b)  -> (artifact id: 'f07028616e69752981944285df8fa39e') in 0.010121 seconds 
  Import took 0.014012 seconds .

========================================================================
Received Import Request.
  Time since last request: 0.007465 seconds.
  path: Assets/ExampleAssets/Textures/Props/Paint/Paint5G_AlbedoSmoothness.tif
  artifactKey: Guid(5d25a5cd577a4c54e94fdf9cc6f1a631) Importer(815301076,1909f56bfc062723c751e8b465ee728b)
Start importing Assets/ExampleAssets/Textures/Props/Paint/Paint5G_AlbedoSmoothness.tif using Guid(5d25a5cd577a4c54e94fdf9cc6f1a631) Importer(815301076,1909f56bfc062723c751e8b465ee728b)  -> (artifact id: '46497461ad13ec5bb87076daebb413ec') in 0.012769 seconds 
  Import took 0.016323 seconds .

========================================================================
Received Import Request.
  Time since last request: 0.007445 seconds.
  path: Assets/ExampleAssets/Textures/Props/Paint/PaintAnimMask.tif
  artifactKey: Guid(5e98de278b2ccc14f89b76b85596a3f3) Importer(815301076,1909f56bfc062723c751e8b465ee728b)
Start importing Assets/ExampleAssets/Textures/Props/Paint/PaintAnimMask.tif using Guid(5e98de278b2ccc14f89b76b85596a3f3) Importer(815301076,1909f56bfc062723c751e8b465ee728b)  -> (artifact id: '352b0b02016621bff87d6ed4e1922830') in 0.010823 seconds 
  Import took 0.014849 seconds .

========================================================================
Received Import Request.
  Time since last request: 0.025444 seconds.
  path: Assets/ExampleAssets/Textures/Props/Construction_Light/ConstructionLight_Albedo.tif
  artifactKey: Guid(2ec6e1532acb1254f9f3797b5d82db44) Importer(815301076,1909f56bfc062723c751e8b465ee728b)
Start importing Assets/ExampleAssets/Textures/Props/Construction_Light/ConstructionLight_Albedo.tif using Guid(2ec6e1532acb1254f9f3797b5d82db44) Importer(815301076,1909f56bfc062723c751e8b465ee728b)  -> (artifact id: '864d2b361520e82158bacbe73f11f05a') in 0.010314 seconds 
  Import took 0.013909 seconds .

========================================================================
Received Import Request.
  Time since last request: 0.010134 seconds.
  path: Assets/ExampleAssets/Textures/Props/Paint/Paint1G_MetallicOcculusionRoughness.tif
  artifactKey: Guid(ca084ebab0cef7c4ba746cdb442f9c1e) Importer(815301076,1909f56bfc062723c751e8b465ee728b)
Start importing Assets/ExampleAssets/Textures/Props/Paint/Paint1G_MetallicOcculusionRoughness.tif using Guid(ca084ebab0cef7c4ba746cdb442f9c1e) Importer(815301076,1909f56bfc062723c751e8b465ee728b)  -> (artifact id: '5a3d4057da4e7e997ea4ccf8fd4cd6d4') in 0.010170 seconds 
  Import took 0.013790 seconds .

========================================================================
Received Import Request.
  Time since last request: 0.002914 seconds.
  path: Assets/ExampleAssets/Textures/Props
  artifactKey: Guid(abf7b1f1f7dfcba4c9243d4679f56e71) Importer(815301076,1909f56bfc062723c751e8b465ee728b)
Start importing Assets/ExampleAssets/Textures/Props using Guid(abf7b1f1f7dfcba4c9243d4679f56e71) Importer(815301076,1909f56bfc062723c751e8b465ee728b)  -> (artifact id: '61436de758e5477a0f56551fc6f30db0') in 0.003933 seconds 
  Import took 0.007574 seconds .

========================================================================
Received Import Request.
  Time since last request: 0.006412 seconds.
  path: Assets/ExampleAssets/Textures/Plastic/Plastic_AlbedoSmoothness.tif
  artifactKey: Guid(1f89fed00b6bc904c861ab847a811cb8) Importer(815301076,1909f56bfc062723c751e8b465ee728b)
Start importing Assets/ExampleAssets/Textures/Plastic/Plastic_AlbedoSmoothness.tif using Guid(1f89fed00b6bc904c861ab847a811cb8) Importer(815301076,1909f56bfc062723c751e8b465ee728b)  -> (artifact id: '0a1e2ad70acd46251732a36607f34b62') in 0.009951 seconds 
  Import took 0.013507 seconds .

========================================================================
Received Import Request.
  Time since last request: 0.017337 seconds.
  path: Assets/ExampleAssets/Textures/Props/Paint/Paintbrush_Normal.tif
  artifactKey: Guid(09e745bf0b8ff6a4bb5785d14168289a) Importer(815301076,1909f56bfc062723c751e8b465ee728b)
Start importing Assets/ExampleAssets/Textures/Props/Paint/Paintbrush_Normal.tif using Guid(09e745bf0b8ff6a4bb5785d14168289a) Importer(815301076,1909f56bfc062723c751e8b465ee728b)  -> (artifact id: '41eafcf91732874fd8161fe048a24a2c') in 0.011338 seconds 
  Import took 0.014720 seconds .

========================================================================
Received Import Request.
  Time since last request: 0.017842 seconds.
  path: Assets/ExampleAssets/Textures/Wood/Plywood_MetallicOcculusionSmoothness.tif
  artifactKey: Guid(2e38f7921b7d7b1418ab63c08117ffb8) Importer(815301076,1909f56bfc062723c751e8b465ee728b)
Start importing Assets/ExampleAssets/Textures/Wood/Plywood_MetallicOcculusionSmoothness.tif using Guid(2e38f7921b7d7b1418ab63c08117ffb8) Importer(815301076,1909f56bfc062723c751e8b465ee728b)  -> (artifact id: 'edfc590a6b00b0149078dbfd987ea86d') in 0.010216 seconds 
  Import took 0.013741 seconds .

========================================================================
Received Import Request.
  Time since last request: 0.006586 seconds.
  path: Assets/ExampleAssets/Textures/Plastic/PlasticRidges_MetallicOcculusionSmoothness.tif
  artifactKey: Guid(201c1f77fe872924a86132486bc97e82) Importer(815301076,1909f56bfc062723c751e8b465ee728b)
Start importing Assets/ExampleAssets/Textures/Plastic/PlasticRidges_MetallicOcculusionSmoothness.tif using Guid(201c1f77fe872924a86132486bc97e82) Importer(815301076,1909f56bfc062723c751e8b465ee728b)  -> (artifact id: '3dd47a915baa5d60706576cc304c5363') in 0.010128 seconds 
  Import took 0.013538 seconds .

========================================================================
Received Import Request.
  Time since last request: 0.013934 seconds.
  path: Assets/ExampleAssets/Textures/Wood/OBS_Albedo.tif
  artifactKey: Guid(7140a9bc83a12ea49a081dda89216fff) Importer(815301076,1909f56bfc062723c751e8b465ee728b)
Start importing Assets/ExampleAssets/Textures/Wood/OBS_Albedo.tif using Guid(7140a9bc83a12ea49a081dda89216fff) Importer(815301076,1909f56bfc062723c751e8b465ee728b)  -> (artifact id: 'e28dd3ef6200fe139f28e59b57610b67') in 0.010493 seconds 
  Import took 0.014030 seconds .

========================================================================
Received Import Request.
  Time since last request: 0.006468 seconds.
  path: Assets/ExampleAssets/Textures/Props/HardHat/SafetyHat_Albedo.tif
  artifactKey: Guid(dd61af2ec9847eb4d8e17529fa61b143) Importer(815301076,1909f56bfc062723c751e8b465ee728b)
Start importing Assets/ExampleAssets/Textures/Props/HardHat/SafetyHat_Albedo.tif using Guid(dd61af2ec9847eb4d8e17529fa61b143) Importer(815301076,1909f56bfc062723c751e8b465ee728b)  -> (artifact id: '334eb5160f2e9d204dca1c4debab3244') in 0.010452 seconds 
  Import took 0.014479 seconds .

========================================================================
Received Import Request.
  Time since last request: 0.036412 seconds.
  path: Assets/ExampleAssets/Textures/Plastic/PlasticRough_Albedo.tif
  artifactKey: Guid(7b82d12aad56cc445b99fd1cf06a232d) Importer(815301076,1909f56bfc062723c751e8b465ee728b)
Start importing Assets/ExampleAssets/Textures/Plastic/PlasticRough_Albedo.tif using Guid(7b82d12aad56cc445b99fd1cf06a232d) Importer(815301076,1909f56bfc062723c751e8b465ee728b)  -> (artifact id: '8c513c69086fa5dbff25e06e2fc587b6') in 0.011178 seconds 
  Import took 0.014728 seconds .

========================================================================
Received Import Request.
  Time since last request: 0.014653 seconds.
  path: Assets/ExampleAssets/Materials
  artifactKey: Guid(ffd318dbb37362c4f8d87863d082b2fd) Importer(815301076,1909f56bfc062723c751e8b465ee728b)
Start importing Assets/ExampleAssets/Materials using Guid(ffd318dbb37362c4f8d87863d082b2fd) Importer(815301076,1909f56bfc062723c751e8b465ee728b)  -> (artifact id: '8c827434803c10ce0ff8cbab2830a63c') in 0.003927 seconds 
  Import took 0.007737 seconds .

========================================================================
Received Import Request.
  Time since last request: 0.010044 seconds.
  path: Assets/ExampleAssets/Textures/Wood/Plywood_Albedo.tif
  artifactKey: Guid(9644eb6aca67672449e2bcbb0eab8e84) Importer(815301076,1909f56bfc062723c751e8b465ee728b)
Start importing Assets/ExampleAssets/Textures/Wood/Plywood_Albedo.tif using Guid(9644eb6aca67672449e2bcbb0eab8e84) Importer(815301076,1909f56bfc062723c751e8b465ee728b)  -> (artifact id: '4f57c3f7f84bfeff6b24ca6b1cf28cad') in 0.009940 seconds 
  Import took 0.013475 seconds .

========================================================================
Received Import Request.
  Time since last request: 0.007682 seconds.
  path: Assets/ExampleAssets/Textures/Props/Paint
  artifactKey: Guid(661b3094cbb8d57488db75686cf31627) Importer(815301076,1909f56bfc062723c751e8b465ee728b)
Start importing Assets/ExampleAssets/Textures/Props/Paint using Guid(661b3094cbb8d57488db75686cf31627) Importer(815301076,1909f56bfc062723c751e8b465ee728b)  -> (artifact id: '44a1adc19814824498bee86e4fbe978b') in 0.004299 seconds 
  Import took 0.007812 seconds .

========================================================================
Received Import Request.
  Time since last request: 0.009669 seconds.
  path: Assets/ExampleAssets/Textures/Drywall/Drywall_Normal.tif
  artifactKey: Guid(e231e4c02c48ee14aafa55f7b1a843c1) Importer(815301076,1909f56bfc062723c751e8b465ee728b)
Start importing Assets/ExampleAssets/Textures/Drywall/Drywall_Normal.tif using Guid(e231e4c02c48ee14aafa55f7b1a843c1) Importer(815301076,1909f56bfc062723c751e8b465ee728b)  -> (artifact id: '948a9c3de600e9b06db1da9a0cb6f09d') in 0.010738 seconds 
  Import took 0.014120 seconds .

========================================================================
Received Import Request.
  Time since last request: 0.014223 seconds.
  path: Assets/ExampleAssets/Textures/Plastic/Elastic_MetallicOcculusionSmoothness.tif
  artifactKey: Guid(f5df2fb0c070b57429f8ca23b216093b) Importer(815301076,1909f56bfc062723c751e8b465ee728b)
Start importing Assets/ExampleAssets/Textures/Plastic/Elastic_MetallicOcculusionSmoothness.tif using Guid(f5df2fb0c070b57429f8ca23b216093b) Importer(815301076,1909f56bfc062723c751e8b465ee728b)  -> (artifact id: 'c3fe53ede3d2ad0e52eb12523c7f5d3d') in 0.010136 seconds 
  Import took 0.013723 seconds .

========================================================================
Received Import Request.
  Time since last request: 0.005673 seconds.
  path: Assets/ExampleAssets/Textures/Props/HardHat/SafetyHat_Normal.tif
  artifactKey: Guid(d608c45da8580c9408ee50eb9a8c40f3) Importer(815301076,1909f56bfc062723c751e8b465ee728b)
Start importing Assets/ExampleAssets/Textures/Props/HardHat/SafetyHat_Normal.tif using Guid(d608c45da8580c9408ee50eb9a8c40f3) Importer(815301076,1909f56bfc062723c751e8b465ee728b)  -> (artifact id: '0155f9fc28286a2d28ba97c7187e91cc') in 0.010390 seconds 
  Import took 0.013936 seconds .

========================================================================
Received Import Request.
  Time since last request: 0.009930 seconds.
  path: Assets/ExampleAssets/Textures/Props/Hammer/Hammer_MetallicOcculusionSmoothness.tif
  artifactKey: Guid(6c509e4ae024b5e4faeefb92dab5c812) Importer(815301076,1909f56bfc062723c751e8b465ee728b)
Start importing Assets/ExampleAssets/Textures/Props/Hammer/Hammer_MetallicOcculusionSmoothness.tif using Guid(6c509e4ae024b5e4faeefb92dab5c812) Importer(815301076,1909f56bfc062723c751e8b465ee728b)  -> (artifact id: '195a1284a9b901d228e8f6891dc4588c') in 0.009631 seconds 
  Import took 0.013598 seconds .

========================================================================
Received Import Request.
  Time since last request: 0.002921 seconds.
  path: Assets/ExampleAssets/Textures/Props/Construction_Light
  artifactKey: Guid(fa8e348df46f41a40866e1358c46c58a) Importer(815301076,1909f56bfc062723c751e8b465ee728b)
Start importing Assets/ExampleAssets/Textures/Props/Construction_Light using Guid(fa8e348df46f41a40866e1358c46c58a) Importer(815301076,1909f56bfc062723c751e8b465ee728b)  -> (artifact id: '3f91eb1ac25b4b062ad7c16d1ca059bb') in 0.003654 seconds 
  Import took 0.007059 seconds .

========================================================================
Received Import Request.
  Time since last request: 0.006209 seconds.
  path: Assets/ExampleAssets/Textures/Drywall/Drywall_Albedo.tif
  artifactKey: Guid(eae496078d11426448124eaf8b285e6b) Importer(815301076,1909f56bfc062723c751e8b465ee728b)
Start importing Assets/ExampleAssets/Textures/Drywall/Drywall_Albedo.tif using Guid(eae496078d11426448124eaf8b285e6b) Importer(815301076,1909f56bfc062723c751e8b465ee728b)  -> (artifact id: '1762d013214bf69b5dd047b82b0c63b9') in 0.009237 seconds 
  Import took 0.012668 seconds .

========================================================================
Received Import Request.
  Time since last request: 0.008564 seconds.
  path: Assets/ExampleAssets/Textures/Props/HardHat
  artifactKey: Guid(2d8107af768e1c54aab35a9245f96fb1) Importer(815301076,1909f56bfc062723c751e8b465ee728b)
Start importing Assets/ExampleAssets/Textures/Props/HardHat using Guid(2d8107af768e1c54aab35a9245f96fb1) Importer(815301076,1909f56bfc062723c751e8b465ee728b)  -> (artifact id: 'de9d810a1b1e4a414a9c9d8095f6b922') in 0.004248 seconds 
  Import took 0.007751 seconds .

========================================================================
Received Import Request.
  Time since last request: 0.014257 seconds.
  path: Assets/ExampleAssets/Textures/Wood
  artifactKey: Guid(cebb473fb6009324ea0c85fcc4debbdf) Importer(815301076,1909f56bfc062723c751e8b465ee728b)
Start importing Assets/ExampleAssets/Textures/Wood using Guid(cebb473fb6009324ea0c85fcc4debbdf) Importer(815301076,1909f56bfc062723c751e8b465ee728b)  -> (artifact id: 'bf727b1fc6600b8d1611853dc362319f') in 0.003967 seconds 
  Import took 0.007269 seconds .

========================================================================
Received Import Request.
  Time since last request: 0.005289 seconds.
  path: Assets/ExampleAssets/Textures/Plastic/PlasticRough_MetallicOcculusionSmoothness.tif
  artifactKey: Guid(ee7680f1374ab4449b6d5f6b2c2c1936) Importer(815301076,1909f56bfc062723c751e8b465ee728b)
Start importing Assets/ExampleAssets/Textures/Plastic/PlasticRough_MetallicOcculusionSmoothness.tif using Guid(ee7680f1374ab4449b6d5f6b2c2c1936) Importer(815301076,1909f56bfc062723c751e8b465ee728b)  -> (artifact id: '232cd428ebfb2367aef618616cd2e543') in 0.010398 seconds 
  Import took 0.013767 seconds .

========================================================================
Received Import Request.
  Time since last request: 0.005209 seconds.
  path: Assets/ExampleAssets/Textures/Props/Paint/PaintLabel.tif
  artifactKey: Guid(e5c37ab0c7b37af4f981195d3caaf4b4) Importer(815301076,1909f56bfc062723c751e8b465ee728b)
Start importing Assets/ExampleAssets/Textures/Props/Paint/PaintLabel.tif using Guid(e5c37ab0c7b37af4f981195d3caaf4b4) Importer(815301076,1909f56bfc062723c751e8b465ee728b)  -> (artifact id: '47cbb7f355dfa4d9746b65b5a3424f99') in 0.009419 seconds 
  Import took 0.012745 seconds .

========================================================================
Received Import Request.
  Time since last request: 0.005411 seconds.
  path: Assets/ExampleAssets/Textures/Wood/OBS_Normal.tif
  artifactKey: Guid(fcce267dfc966b6408dc2ebe0cfb60ed) Importer(815301076,1909f56bfc062723c751e8b465ee728b)
Start importing Assets/ExampleAssets/Textures/Wood/OBS_Normal.tif using Guid(fcce267dfc966b6408dc2ebe0cfb60ed) Importer(815301076,1909f56bfc062723c751e8b465ee728b)  -> (artifact id: '2652586975030c87d32000391e26784a') in 0.009883 seconds 
  Import took 0.013238 seconds .

========================================================================
Received Import Request.
  Time since last request: 0.021311 seconds.
  path: Assets/ExampleAssets/Textures/Plastic/PlasticRidges_Normal.tif
  artifactKey: Guid(c021d051fa0cba84282b4a2577aa85c5) Importer(815301076,1909f56bfc062723c751e8b465ee728b)
Start importing Assets/ExampleAssets/Textures/Plastic/PlasticRidges_Normal.tif using Guid(c021d051fa0cba84282b4a2577aa85c5) Importer(815301076,1909f56bfc062723c751e8b465ee728b)  -> (artifact id: '5c2a0e6d6cdc3efb04e743ac3a4ef889') in 0.009702 seconds 
  Import took 0.013139 seconds .

========================================================================
Received Import Request.
  Time since last request: 0.017376 seconds.
  path: Assets/ExampleAssets/Textures/Drywall/DrywallPainted_Normal.tif
  artifactKey: Guid(2cd242c9999e92b4ca96dab876cfaf13) Importer(815301076,1909f56bfc062723c751e8b465ee728b)
Start importing Assets/ExampleAssets/Textures/Drywall/DrywallPainted_Normal.tif using Guid(2cd242c9999e92b4ca96dab876cfaf13) Importer(815301076,1909f56bfc062723c751e8b465ee728b)  -> (artifact id: 'f419129674622345ff944ef16b90372a') in 0.009634 seconds 
  Import took 0.013258 seconds .

========================================================================
Received Import Request.
  Time since last request: 0.008962 seconds.
  path: Assets/ExampleAssets/Textures/Props/Paint/Paintbrush_Albedo.tif
  artifactKey: Guid(4675081b0baf66345adc734388155502) Importer(815301076,1909f56bfc062723c751e8b465ee728b)
Start importing Assets/ExampleAssets/Textures/Props/Paint/Paintbrush_Albedo.tif using Guid(4675081b0baf66345adc734388155502) Importer(815301076,1909f56bfc062723c751e8b465ee728b)  -> (artifact id: '71d2564902384411f4f878858f0c8efd') in 0.011449 seconds 
  Import took 0.015071 seconds .

========================================================================
Received Import Request.
  Time since last request: 0.005653 seconds.
  path: Assets/ExampleAssets/Textures/Props/Jigsaw/Jigsaw_Normal.tif
  artifactKey: Guid(06969fc081d8cc146af6634f75abe652) Importer(815301076,1909f56bfc062723c751e8b465ee728b)
Start importing Assets/ExampleAssets/Textures/Props/Jigsaw/Jigsaw_Normal.tif using Guid(06969fc081d8cc146af6634f75abe652) Importer(815301076,1909f56bfc062723c751e8b465ee728b)  -> (artifact id: '77cce1b1da3ceaef17d90a5513f3032f') in 0.010399 seconds 
  Import took 0.014129 seconds .

========================================================================
Received Import Request.
  Time since last request: 0.008794 seconds.
  path: Assets/ExampleAssets/Textures/Plastic
  artifactKey: Guid(64d6ecb2a87dd444b85a7ff79b149c04) Importer(815301076,1909f56bfc062723c751e8b465ee728b)
Start importing Assets/ExampleAssets/Textures/Plastic using Guid(64d6ecb2a87dd444b85a7ff79b149c04) Importer(815301076,1909f56bfc062723c751e8b465ee728b)  -> (artifact id: '66e621aad0a46a57612b3f45f8c9e79d') in 0.003761 seconds 
  Import took 0.007281 seconds .

========================================================================
Received Import Request.
  Time since last request: 0.012158 seconds.
  path: Assets/ExampleAssets/Textures/Props/Jigsaw/Jigsaw_Albedo.tif
  artifactKey: Guid(b3f247b26e080ca468f1daa963c192ee) Importer(815301076,1909f56bfc062723c751e8b465ee728b)
Start importing Assets/ExampleAssets/Textures/Props/Jigsaw/Jigsaw_Albedo.tif using Guid(b3f247b26e080ca468f1daa963c192ee) Importer(815301076,1909f56bfc062723c751e8b465ee728b)  -> (artifact id: 'f2c5f1483531c7b8e8a454ae6dbe5d88') in 0.009858 seconds 
  Import took 0.013555 seconds .

========================================================================
Received Import Request.
  Time since last request: 0.006550 seconds.
  path: Assets/ExampleAssets/Textures/Wood/Plywood_Normal.tif
  artifactKey: Guid(2148396b133b56f40baa7ea4fd22982a) Importer(815301076,1909f56bfc062723c751e8b465ee728b)
Start importing Assets/ExampleAssets/Textures/Wood/Plywood_Normal.tif using Guid(2148396b133b56f40baa7ea4fd22982a) Importer(815301076,1909f56bfc062723c751e8b465ee728b)  -> (artifact id: '8ad6edb0a38e2d06c71b55039ce2ad63') in 0.010580 seconds 
  Import took 0.013917 seconds .

========================================================================
Received Import Request.
  Time since last request: 0.020155 seconds.
  path: Assets/ExampleAssets/Textures/Plastic/PlasticRidges_Albedo.tif
  artifactKey: Guid(ecb23393a0d1b424a82fff68a4c00a66) Importer(815301076,1909f56bfc062723c751e8b465ee728b)
Start importing Assets/ExampleAssets/Textures/Plastic/PlasticRidges_Albedo.tif using Guid(ecb23393a0d1b424a82fff68a4c00a66) Importer(815301076,1909f56bfc062723c751e8b465ee728b)  -> (artifact id: 'b43e6930eb1a08bb4420d322c7229155') in 0.010225 seconds 
  Import took 0.013712 seconds .

========================================================================
Received Import Request.
  Time since last request: 0.014767 seconds.
  path: Assets/ExampleAssets/Textures/Props/Paint/Paint1G_Normal.tif
  artifactKey: Guid(ac80c335ebd6dde4fa54a82050064545) Importer(815301076,1909f56bfc062723c751e8b465ee728b)
Start importing Assets/ExampleAssets/Textures/Props/Paint/Paint1G_Normal.tif using Guid(ac80c335ebd6dde4fa54a82050064545) Importer(815301076,1909f56bfc062723c751e8b465ee728b)  -> (artifact id: '4b737faff31f39940a9256cbbf8fecff') in 0.010744 seconds 
  Import took 0.014180 seconds .

========================================================================
Received Import Request.
  Time since last request: 0.006526 seconds.
  path: Assets/ExampleAssets/Textures/Plastic/Elastic_Normal.tif
  artifactKey: Guid(db17334dfe5991a4bbe241ee9a728c38) Importer(815301076,1909f56bfc062723c751e8b465ee728b)
Start importing Assets/ExampleAssets/Textures/Plastic/Elastic_Normal.tif using Guid(db17334dfe5991a4bbe241ee9a728c38) Importer(815301076,1909f56bfc062723c751e8b465ee728b)  -> (artifact id: '69cf2864fde43f79dc0d25d585cb8164') in 0.010912 seconds 
  Import took 0.014416 seconds .

========================================================================
Received Import Request.
  Time since last request: 0.004772 seconds.
  path: Assets/ExampleAssets/Textures/Drywall
  artifactKey: Guid(0389f6104fd857940908a1705ab749f3) Importer(815301076,1909f56bfc062723c751e8b465ee728b)
Start importing Assets/ExampleAssets/Textures/Drywall using Guid(0389f6104fd857940908a1705ab749f3) Importer(815301076,1909f56bfc062723c751e8b465ee728b)  -> (artifact id: '16e3b6a95a5747f99fc7aa93e13e6b49') in 0.003673 seconds 
  Import took 0.007170 seconds .

AssetImportWorkerClient::OnTransportError - code=2 error=End of file
